#
# A fatal error has been detected by the Java Runtime Environment:
#
#  EXCEPTION_ACCESS_VIOLATION (0xc0000005) at pc=0x00007ffd279ab9b4, pid=24752, tid=26384
#
# JRE version: OpenJDK Runtime Environment (21.0+35) (build 21+35-2513)
# Java VM: OpenJDK 64-Bit Server VM (21+35-2513, mixed mode, sharing, tiered, compressed oops, compressed class ptrs, g1 gc, windows-amd64)
# Problematic frame:
# V  [jvm.dll+0x19b9b4]
#
# No core dump will be written. Minidumps are not enabled by default on client versions of Windows
#
# If you would like to submit a bug report, please visit:
#   https://bugreport.java.com/bugreport/crash.jsp
#

---------------  S U M M A R Y ------------

Command Line: -javaagent:C:\Program Files\JetBrains\IntelliJ IDEA Community Edition 2022.3\lib\idea_rt.jar=63864:C:\Program Files\JetBrains\IntelliJ IDEA Community Edition 2022.3\bin -Dfile.encoding=UTF-8 -Dsun.stdout.encoding=UTF-8 -Dsun.stderr.encoding=UTF-8 GarageVeloTest

Host: Intel(R) Core(TM) i5-10210U CPU @ 1.60GHz, 8 cores, 7G,  Windows 11 , 64 bit Build 22621 (10.0.22621.2506)
Time: Thu Nov 23 15:24:26 2023 Paris, Madrid elapsed time: 0.117967 seconds (0d 0h 0m 0s)

---------------  T H R E A D  ---------------

Current thread (0x00000217e32e9790):  JavaThread "C1 CompilerThread0" daemon [_thread_in_native, id=26384, stack(0x0000008c99c00000,0x0000008c99d00000) (1024K)]


Current CompileTask:
C1:    118  263       3       jdk.internal.org.objectweb.asm.Frame::execute (2305 bytes)

Stack: [0x0000008c99c00000,0x0000008c99d00000],  sp=0x0000008c99cfd7e8,  free space=1013k
Native frames: (J=compiled Java code, j=interpreted, Vv=VM code, C=native code)
V  [jvm.dll+0x19b9b4]
V  [jvm.dll+0x197089]
V  [jvm.dll+0x1968ab]
V  [jvm.dll+0x19faeb]
V  [jvm.dll+0x197a28]
V  [jvm.dll+0x19af02]
V  [jvm.dll+0x1546e3]
V  [jvm.dll+0x153f98]
V  [jvm.dll+0x1541d4]
V  [jvm.dll+0x153616]
V  [jvm.dll+0x15537d]
V  [jvm.dll+0x2583e9]
V  [jvm.dll+0x2569ca]
V  [jvm.dll+0x3eef66]
V  [jvm.dll+0x7fd2c8]
V  [jvm.dll+0x6c748d]
C  [ucrtbase.dll+0x29363]
C  [KERNEL32.DLL+0x1257d]
C  [ntdll.dll+0x5aa58]


siginfo: EXCEPTION_ACCESS_VIOLATION (0xc0000005), reading address 0x0000000000000000


Registers:
RAX=0x0000000000000000, RBX=0x00000217e36fd820, RCX=0x00000217e36d4bb8, RDX=0x0000000000000000
RSP=0x0000008c99cfd7e8, RBP=0x00000217e36fd820, RSI=0x0000000000000000, RDI=0x0000008c99cfde60
R8 =0x000000000000146c, R9 =0x00007ffd28421e50, R10=0x0000008c99cfde60, R11=0x00000217e36f89d0
R12=0x00000217e32a3860, R13=0x0000008c99cfefb0, R14=0x0000000000000000, R15=0x0000000000000000
RIP=0x00007ffd279ab9b4, EFLAGS=0x0000000000010283


Register to memory mapping:

RAX=0x0 is null
RBX=0x00000217e36fd820 points into unknown readable memory: 0x0000000a000005fe | fe 05 00 00 0a 00 00 00
RCX=0x00000217e36d4bb8 points into unknown readable memory: 0x000014720000146c | 6c 14 00 00 72 14 00 00
RDX=0x0 is null
RSP=0x0000008c99cfd7e8 is pointing into the stack for thread: 0x00000217e32e9790
RBP=0x00000217e36fd820 points into unknown readable memory: 0x0000000a000005fe | fe 05 00 00 0a 00 00 00
RSI=0x0 is null
RDI=0x0000008c99cfde60 is pointing into the stack for thread: 0x00000217e32e9790
R8 =0x000000000000146c is an unknown value
R9 =0x00007ffd28421e50 jvm.dll
R10=0x0000008c99cfde60 is pointing into the stack for thread: 0x00000217e32e9790
R11=0x00000217e36f89d0 points into unknown readable memory: 0x0000000a00000007 | 07 00 00 00 0a 00 00 00
R12=0x00000217e32a3860 points into unknown readable memory: 0x00007ffd281a9e58 | 58 9e 1a 28 fd 7f 00 00
R13=0x0000008c99cfefb0 is pointing into the stack for thread: 0x00000217e32e9790
R14=0x0 is null
R15=0x0 is null

Top of Stack: (sp=0x0000008c99cfd7e8)
0x0000008c99cfd7e8:   00007ffd279a7089 0000008c99cfde60
0x0000008c99cfd7f8:   0000000000000d90 0000008c99cfde60
0x0000008c99cfd808:   0000000000000000 0000008cffffffff
0x0000008c99cfd818:   0000008c99cfd860 0000000000000000
0x0000008c99cfd828:   0000008c99cfefb0 00000217e32a3860
0x0000008c99cfd838:   0000008c99cfde60 0000000000000d01
0x0000008c99cfd848:   000000007fffffff 00000217e36fd820
0x0000008c99cfd858:   00007ffd279a68ab 00000217e36fd700
0x0000008c99cfd868:   00000217e36fd820 0000000000000000
0x0000008c99cfd878:   00007ffd0000166c 0000000000000d5b
0x0000008c99cfd888:   0000000000000d5b 0000008c99cfde60
0x0000008c99cfd898:   00007ffd279afaeb 000000007fffffff
0x0000008c99cfd8a8:   0000000000000000 00007ffd283c7530
0x0000008c99cfd8b8:   0000000000000d5b 00000217e36e9e00
0x0000008c99cfd8c8:   00007ffd279a7a28 00007ffd28421e60
0x0000008c99cfd8d8:   00007ffd28421e60 00000217e36f8510
0x0000008c99cfd8e8:   00000217e36b8228 00000217e3632028
0x0000008c99cfd8f8:   00007ffd27e99b4a 00000217e3632028
0x0000008c99cfd908:   00000217e3631c08 0000000000000000
0x0000008c99cfd918:   0000008c99cfe490 00000217e364fde8
0x0000008c99cfd928:   0000000000000002 00000217e3308801
0x0000008c99cfd938:   00000217e364f470 00000217e36577b8
0x0000008c99cfd948:   00007ffd27a73b66 00000217e3631088
0x0000008c99cfd958:   0000000000000000 00000217e3308878
0x0000008c99cfd968:   0000000000000000 0000000000000003
0x0000008c99cfd978:   0000000000000000 0000000000000000
0x0000008c99cfd988:   00007ffd279bf0b9 00000217800249d8
0x0000008c99cfd998:   00007ffd27bae7e2 00000217e364fd28
0x0000008c99cfd9a8:   00000217e32e96f0 000097958fd2b78b
0x0000008c99cfd9b8:   00007ffd27c33b65 00000217800271b0
0x0000008c99cfd9c8:   00007ffd27de3381 00000217e32e9790
0x0000008c99cfd9d8:   00000217e32e9790 00000217800249d8 

Instructions: (pc=0x00007ffd279ab9b4)
0x00007ffd279ab8b4:   7f 52 83 fa ff 0f 84 c1 00 00 00 49 63 43 3c 41
0x00007ffd279ab8c4:   3b 42 58 7c 19 41 3b 42 5c 7f 13 41 39 54 82 68
0x00007ffd279ab8d4:   7e 0c 41 89 54 82 68 4c 8b 0d 2e 65 a7 00 49 63
0x00007ffd279ab8e4:   43 40 41 3b 42 58 0f 8c 90 00 00 00 41 3b 42 5c
0x00007ffd279ab8f4:   0f 8f 86 00 00 00 41 39 54 82 68 7e 7f 41 89 54
0x00007ffd279ab904:   82 68 eb 71 48 8b 4b 28 0f 1f 40 00 44 8b 01 41
0x00007ffd279ab914:   3b d0 7d 12 44 39 40 04 7f 16 48 8b 40 08 49 3b
0x00007ffd279ab924:   c1 e9 88 00 00 00 7e 6b 39 51 04 7e 7a 44 8b c2
0x00007ffd279ab934:   41 83 f8 ff 74 46 49 63 43 3c 41 3b 42 58 7c 19
0x00007ffd279ab944:   41 3b 42 5c 7f 13 45 39 44 82 68 7e 0c 45 89 44
0x00007ffd279ab954:   82 68 4c 8b 0d b3 64 a7 00 49 63 43 40 41 3b 42
0x00007ffd279ab964:   58 7c 19 41 3b 42 5c 7f 13 45 39 44 82 68 7e 0c
0x00007ffd279ab974:   45 89 44 82 68 4c 8b 0d 90 64 a7 00 4d 8b 5b 30
0x00007ffd279ab984:   4c 3b 1d 8d 64 a7 00 0f 85 e2 fe ff ff 48 8b 5c
0x00007ffd279ab994:   24 08 c3 3b 50 04 75 09 48 8b 40 08 49 3b c1 eb
0x00007ffd279ab9a4:   0d 44 3b 41 04 75 86 48 8b 49 08 49 3b c9 74 cc
0x00007ffd279ab9b4:   8b 10 e9 55 ff ff ff cc cc cc cc cc 48 89 5c 24
0x00007ffd279ab9c4:   08 48 89 74 24 10 57 48 83 ec 20 41 8b 18 49 8b
0x00007ffd279ab9d4:   f0 48 8b fa 8d 43 14 3d 10 27 00 00 7c 45 48 8b
0x00007ffd279ab9e4:   09 48 8d 15 34 6f 80 00 48 8b 09 e8 bc 80 fb ff
0x00007ffd279ab9f4:   8d 43 02 3d 10 27 00 00 7c 29 bb 41 02 00 00 8b
0x00007ffd279aba04:   46 04 83 c0 fa 83 f8 0b 0f 87 9c 00 00 00 48 8d
0x00007ffd279aba14:   15 e7 45 e6 ff 48 98 8b 8c 82 c0 ba 19 00 48 03
0x00007ffd279aba24:   ca ff e1 81 fb 10 27 00 00 7e d4 48 8b 05 2a bc
0x00007ffd279aba34:   a1 00 eb 60 c1 e3 0e 48 63 c3 48 0d 1b 10 00 00
0x00007ffd279aba44:   eb 52 c1 e3 0e 48 63 c3 48 0d 3b 10 00 00 eb 44
0x00007ffd279aba54:   c1 e3 0e 48 63 c3 48 0d 0b 10 00 00 eb 36 c1 e3
0x00007ffd279aba64:   0e 48 63 c3 48 0d 23 10 00 00 eb 28 c1 e3 0e 48
0x00007ffd279aba74:   63 c3 48 0d 93 10 00 00 eb 1a c1 e3 0e 48 63 c3
0x00007ffd279aba84:   48 0d 2d 10 00 00 eb 0c c1 e3 0e 48 63 c3 48 0d
0x00007ffd279aba94:   b5 10 00 00 48 8b 5c 24 30 48 8b 74 24 38 48 89
0x00007ffd279abaa4:   07 48 8b c7 48 83 c4 20 5f c3 ba f1 02 00 00 48 


Stack slot to memory mapping:

stack at sp + 0 slots: 0x00007ffd279a7089 jvm.dll
stack at sp + 1 slots: 0x0000008c99cfde60 is pointing into the stack for thread: 0x00000217e32e9790
stack at sp + 2 slots: 0x0000000000000d90 is an unknown value
stack at sp + 3 slots: 0x0000008c99cfde60 is pointing into the stack for thread: 0x00000217e32e9790
stack at sp + 4 slots: 0x0 is null
stack at sp + 5 slots: 0x0000008cffffffff is an unknown value
stack at sp + 6 slots: 0x0000008c99cfd860 is pointing into the stack for thread: 0x00000217e32e9790
stack at sp + 7 slots: 0x0 is null


---------------  P R O C E S S  ---------------

Threads class SMR info:
_java_thread_list=0x00000217e365da80, length=12, elements={
0x00000217e32da610, 0x00000217e32dc000, 0x00000217e32dfae0, 0x00000217e32e2d70,
0x00000217e32e6610, 0x00000217e32e4bd0, 0x00000217e32e7f90, 0x00000217e32e9790,
0x00000217e32e3eb0, 0x00000217e32e6ca0, 0x00000217e32e58f0, 0x00000217e32e5f80
}

Java Threads: ( => current thread )
  0x00000217e32da610 JavaThread "Reference Handler"          daemon [_thread_blocked, id=21716, stack(0x0000008c99500000,0x0000008c99600000) (1024K)]
  0x00000217e32dc000 JavaThread "Finalizer"                  daemon [_thread_blocked, id=9788, stack(0x0000008c99600000,0x0000008c99700000) (1024K)]
  0x00000217e32dfae0 JavaThread "Signal Dispatcher"          daemon [_thread_blocked, id=928, stack(0x0000008c99700000,0x0000008c99800000) (1024K)]
  0x00000217e32e2d70 JavaThread "Attach Listener"            daemon [_thread_blocked, id=18192, stack(0x0000008c99800000,0x0000008c99900000) (1024K)]
  0x00000217e32e6610 JavaThread "Service Thread"             daemon [_thread_blocked, id=20272, stack(0x0000008c99900000,0x0000008c99a00000) (1024K)]
  0x00000217e32e4bd0 JavaThread "Monitor Deflation Thread"   daemon [_thread_blocked, id=8112, stack(0x0000008c99a00000,0x0000008c99b00000) (1024K)]
  0x00000217e32e7f90 JavaThread "C2 CompilerThread0"         daemon [_thread_blocked, id=25952, stack(0x0000008c99b00000,0x0000008c99c00000) (1024K)]
=>0x00000217e32e9790 JavaThread "C1 CompilerThread0"         daemon [_thread_in_native, id=26384, stack(0x0000008c99c00000,0x0000008c99d00000) (1024K)]
  0x00000217e32e3eb0 JavaThread "Common-Cleaner"             daemon [_thread_blocked, id=3756, stack(0x0000008c99d00000,0x0000008c99e00000) (1024K)]
  0x00000217e32e6ca0 JavaThread "Monitor Ctrl-Break"         daemon [_thread_in_native, id=9176, stack(0x0000008c99e00000,0x0000008c99f00000) (1024K)]
  0x00000217e32e58f0 JavaThread "Notification Thread"        daemon [_thread_blocked, id=26204, stack(0x0000008c99f00000,0x0000008c9a000000) (1024K)]
  0x00000217e32e5f80 JavaThread "DestroyJavaVM"                     [_thread_blocked, id=24580, stack(0x0000008c98d00000,0x0000008c98e00000) (1024K)]
Total: 12

Other Threads:
  0x00000217e32bead0 VMThread "VM Thread"                           [id=14728, stack(0x0000008c99400000,0x0000008c99500000) (1024K)]
  0x00000217e32a6850 WatcherThread "VM Periodic Task Thread"        [id=19076, stack(0x0000008c99300000,0x0000008c99400000) (1024K)]
  0x00000217c6a5e730 WorkerThread "GC Thread#0"                     [id=22300, stack(0x0000008c98e00000,0x0000008c98f00000) (1024K)]
  0x00000217c6a6f210 ConcurrentGCThread "G1 Main Marker"            [id=25124, stack(0x0000008c98f00000,0x0000008c99000000) (1024K)]
  0x00000217c6a706d0 WorkerThread "G1 Conc#0"                       [id=20948, stack(0x0000008c99000000,0x0000008c99100000) (1024K)]
  0x00000217e317a110 ConcurrentGCThread "G1 Refine#0"               [id=26152, stack(0x0000008c99100000,0x0000008c99200000) (1024K)]
  0x00000217e317ab90 ConcurrentGCThread "G1 Service"                [id=25936, stack(0x0000008c99200000,0x0000008c99300000) (1024K)]
Total: 7

Threads with active compile tasks:
C1 CompilerThread0      136  263       3       jdk.internal.org.objectweb.asm.Frame::execute (2305 bytes)
Total: 1

VM state: not at safepoint (normal execution)

VM Mutex/Monitor currently owned by a thread: None

Heap address: 0x0000000082800000, size: 2008 MB, Compressed Oops mode: 32-bit

CDS archive(s) mapped at: [0x0000021780000000-0x0000021780c90000-0x0000021780c90000), size 13172736, SharedBaseAddress: 0x0000021780000000, ArchiveRelocationMode: 1.
Compressed class space mapped at: 0x0000021781000000-0x00000217c1000000, reserved size: 1073741824
Narrow klass base: 0x0000021780000000, Narrow klass shift: 0, Narrow klass range: 0x100000000

GC Precious Log:
 CardTable entry size: 512
 Card Set container configuration: InlinePtr #cards 5 size 8 Array Of Cards #cards 12 size 40 Howl #buckets 4 coarsen threshold 1843 Howl Bitmap #cards 512 size 80 coarsen threshold 460 Card regions per heap region 1 cards per card region 2048
 CPUs: 8 total, 8 available
 Memory: 8025M
 Large Page Support: Disabled
 NUMA Support: Disabled
 Compressed Oops: Enabled (32-bit)
 Heap Region Size: 1M
 Heap Min Capacity: 8M
 Heap Initial Capacity: 126M
 Heap Max Capacity: 2008M
 Pre-touch: Disabled
 Parallel Workers: 8
 Concurrent Workers: 2
 Concurrent Refinement Workers: 8
 Periodic GC: Disabled

Heap:
 garbage-first heap   total 129024K, used 3072K [0x0000000082800000, 0x0000000100000000)
  region size 1024K, 4 young (4096K), 0 survivors (0K)
 Metaspace       used 900K, committed 1024K, reserved 1114112K
  class space    used 81K, committed 128K, reserved 1048576K

Heap Regions: E=young(eden), S=young(survivor), O=old, HS=humongous(starts), HC=humongous(continues), CS=collection set, F=free, TAMS=top-at-mark-start, PB=parsable bottom
|   0|0x0000000082800000, 0x0000000082800000, 0x0000000082900000|  0%| F|  |TAMS 0x0000000082800000| PB 0x0000000082800000| Untracked 
|   1|0x0000000082900000, 0x0000000082900000, 0x0000000082a00000|  0%| F|  |TAMS 0x0000000082900000| PB 0x0000000082900000| Untracked 
|   2|0x0000000082a00000, 0x0000000082a00000, 0x0000000082b00000|  0%| F|  |TAMS 0x0000000082a00000| PB 0x0000000082a00000| Untracked 
|   3|0x0000000082b00000, 0x0000000082b00000, 0x0000000082c00000|  0%| F|  |TAMS 0x0000000082b00000| PB 0x0000000082b00000| Untracked 
|   4|0x0000000082c00000, 0x0000000082c00000, 0x0000000082d00000|  0%| F|  |TAMS 0x0000000082c00000| PB 0x0000000082c00000| Untracked 
|   5|0x0000000082d00000, 0x0000000082d00000, 0x0000000082e00000|  0%| F|  |TAMS 0x0000000082d00000| PB 0x0000000082d00000| Untracked 
|   6|0x0000000082e00000, 0x0000000082e00000, 0x0000000082f00000|  0%| F|  |TAMS 0x0000000082e00000| PB 0x0000000082e00000| Untracked 
|   7|0x0000000082f00000, 0x0000000082f00000, 0x0000000083000000|  0%| F|  |TAMS 0x0000000082f00000| PB 0x0000000082f00000| Untracked 
|   8|0x0000000083000000, 0x0000000083000000, 0x0000000083100000|  0%| F|  |TAMS 0x0000000083000000| PB 0x0000000083000000| Untracked 
|   9|0x0000000083100000, 0x0000000083100000, 0x0000000083200000|  0%| F|  |TAMS 0x0000000083100000| PB 0x0000000083100000| Untracked 
|  10|0x0000000083200000, 0x0000000083200000, 0x0000000083300000|  0%| F|  |TAMS 0x0000000083200000| PB 0x0000000083200000| Untracked 
|  11|0x0000000083300000, 0x0000000083300000, 0x0000000083400000|  0%| F|  |TAMS 0x0000000083300000| PB 0x0000000083300000| Untracked 
|  12|0x0000000083400000, 0x0000000083400000, 0x0000000083500000|  0%| F|  |TAMS 0x0000000083400000| PB 0x0000000083400000| Untracked 
|  13|0x0000000083500000, 0x0000000083500000, 0x0000000083600000|  0%| F|  |TAMS 0x0000000083500000| PB 0x0000000083500000| Untracked 
|  14|0x0000000083600000, 0x0000000083600000, 0x0000000083700000|  0%| F|  |TAMS 0x0000000083600000| PB 0x0000000083600000| Untracked 
|  15|0x0000000083700000, 0x0000000083700000, 0x0000000083800000|  0%| F|  |TAMS 0x0000000083700000| PB 0x0000000083700000| Untracked 
|  16|0x0000000083800000, 0x0000000083800000, 0x0000000083900000|  0%| F|  |TAMS 0x0000000083800000| PB 0x0000000083800000| Untracked 
|  17|0x0000000083900000, 0x0000000083900000, 0x0000000083a00000|  0%| F|  |TAMS 0x0000000083900000| PB 0x0000000083900000| Untracked 
|  18|0x0000000083a00000, 0x0000000083a00000, 0x0000000083b00000|  0%| F|  |TAMS 0x0000000083a00000| PB 0x0000000083a00000| Untracked 
|  19|0x0000000083b00000, 0x0000000083b00000, 0x0000000083c00000|  0%| F|  |TAMS 0x0000000083b00000| PB 0x0000000083b00000| Untracked 
|  20|0x0000000083c00000, 0x0000000083c00000, 0x0000000083d00000|  0%| F|  |TAMS 0x0000000083c00000| PB 0x0000000083c00000| Untracked 
|  21|0x0000000083d00000, 0x0000000083d00000, 0x0000000083e00000|  0%| F|  |TAMS 0x0000000083d00000| PB 0x0000000083d00000| Untracked 
|  22|0x0000000083e00000, 0x0000000083e00000, 0x0000000083f00000|  0%| F|  |TAMS 0x0000000083e00000| PB 0x0000000083e00000| Untracked 
|  23|0x0000000083f00000, 0x0000000083f00000, 0x0000000084000000|  0%| F|  |TAMS 0x0000000083f00000| PB 0x0000000083f00000| Untracked 
|  24|0x0000000084000000, 0x0000000084000000, 0x0000000084100000|  0%| F|  |TAMS 0x0000000084000000| PB 0x0000000084000000| Untracked 
|  25|0x0000000084100000, 0x0000000084100000, 0x0000000084200000|  0%| F|  |TAMS 0x0000000084100000| PB 0x0000000084100000| Untracked 
|  26|0x0000000084200000, 0x0000000084200000, 0x0000000084300000|  0%| F|  |TAMS 0x0000000084200000| PB 0x0000000084200000| Untracked 
|  27|0x0000000084300000, 0x0000000084300000, 0x0000000084400000|  0%| F|  |TAMS 0x0000000084300000| PB 0x0000000084300000| Untracked 
|  28|0x0000000084400000, 0x0000000084400000, 0x0000000084500000|  0%| F|  |TAMS 0x0000000084400000| PB 0x0000000084400000| Untracked 
|  29|0x0000000084500000, 0x0000000084500000, 0x0000000084600000|  0%| F|  |TAMS 0x0000000084500000| PB 0x0000000084500000| Untracked 
|  30|0x0000000084600000, 0x0000000084600000, 0x0000000084700000|  0%| F|  |TAMS 0x0000000084600000| PB 0x0000000084600000| Untracked 
|  31|0x0000000084700000, 0x0000000084700000, 0x0000000084800000|  0%| F|  |TAMS 0x0000000084700000| PB 0x0000000084700000| Untracked 
|  32|0x0000000084800000, 0x0000000084800000, 0x0000000084900000|  0%| F|  |TAMS 0x0000000084800000| PB 0x0000000084800000| Untracked 
|  33|0x0000000084900000, 0x0000000084900000, 0x0000000084a00000|  0%| F|  |TAMS 0x0000000084900000| PB 0x0000000084900000| Untracked 
|  34|0x0000000084a00000, 0x0000000084a00000, 0x0000000084b00000|  0%| F|  |TAMS 0x0000000084a00000| PB 0x0000000084a00000| Untracked 
|  35|0x0000000084b00000, 0x0000000084b00000, 0x0000000084c00000|  0%| F|  |TAMS 0x0000000084b00000| PB 0x0000000084b00000| Untracked 
|  36|0x0000000084c00000, 0x0000000084c00000, 0x0000000084d00000|  0%| F|  |TAMS 0x0000000084c00000| PB 0x0000000084c00000| Untracked 
|  37|0x0000000084d00000, 0x0000000084d00000, 0x0000000084e00000|  0%| F|  |TAMS 0x0000000084d00000| PB 0x0000000084d00000| Untracked 
|  38|0x0000000084e00000, 0x0000000084e00000, 0x0000000084f00000|  0%| F|  |TAMS 0x0000000084e00000| PB 0x0000000084e00000| Untracked 
|  39|0x0000000084f00000, 0x0000000084f00000, 0x0000000085000000|  0%| F|  |TAMS 0x0000000084f00000| PB 0x0000000084f00000| Untracked 
|  40|0x0000000085000000, 0x0000000085000000, 0x0000000085100000|  0%| F|  |TAMS 0x0000000085000000| PB 0x0000000085000000| Untracked 
|  41|0x0000000085100000, 0x0000000085100000, 0x0000000085200000|  0%| F|  |TAMS 0x0000000085100000| PB 0x0000000085100000| Untracked 
|  42|0x0000000085200000, 0x0000000085200000, 0x0000000085300000|  0%| F|  |TAMS 0x0000000085200000| PB 0x0000000085200000| Untracked 
|  43|0x0000000085300000, 0x0000000085300000, 0x0000000085400000|  0%| F|  |TAMS 0x0000000085300000| PB 0x0000000085300000| Untracked 
|  44|0x0000000085400000, 0x0000000085400000, 0x0000000085500000|  0%| F|  |TAMS 0x0000000085400000| PB 0x0000000085400000| Untracked 
|  45|0x0000000085500000, 0x0000000085500000, 0x0000000085600000|  0%| F|  |TAMS 0x0000000085500000| PB 0x0000000085500000| Untracked 
|  46|0x0000000085600000, 0x0000000085600000, 0x0000000085700000|  0%| F|  |TAMS 0x0000000085600000| PB 0x0000000085600000| Untracked 
|  47|0x0000000085700000, 0x0000000085700000, 0x0000000085800000|  0%| F|  |TAMS 0x0000000085700000| PB 0x0000000085700000| Untracked 
|  48|0x0000000085800000, 0x0000000085800000, 0x0000000085900000|  0%| F|  |TAMS 0x0000000085800000| PB 0x0000000085800000| Untracked 
|  49|0x0000000085900000, 0x0000000085900000, 0x0000000085a00000|  0%| F|  |TAMS 0x0000000085900000| PB 0x0000000085900000| Untracked 
|  50|0x0000000085a00000, 0x0000000085a00000, 0x0000000085b00000|  0%| F|  |TAMS 0x0000000085a00000| PB 0x0000000085a00000| Untracked 
|  51|0x0000000085b00000, 0x0000000085b00000, 0x0000000085c00000|  0%| F|  |TAMS 0x0000000085b00000| PB 0x0000000085b00000| Untracked 
|  52|0x0000000085c00000, 0x0000000085c00000, 0x0000000085d00000|  0%| F|  |TAMS 0x0000000085c00000| PB 0x0000000085c00000| Untracked 
|  53|0x0000000085d00000, 0x0000000085d00000, 0x0000000085e00000|  0%| F|  |TAMS 0x0000000085d00000| PB 0x0000000085d00000| Untracked 
|  54|0x0000000085e00000, 0x0000000085e00000, 0x0000000085f00000|  0%| F|  |TAMS 0x0000000085e00000| PB 0x0000000085e00000| Untracked 
|  55|0x0000000085f00000, 0x0000000085f00000, 0x0000000086000000|  0%| F|  |TAMS 0x0000000085f00000| PB 0x0000000085f00000| Untracked 
|  56|0x0000000086000000, 0x0000000086000000, 0x0000000086100000|  0%| F|  |TAMS 0x0000000086000000| PB 0x0000000086000000| Untracked 
|  57|0x0000000086100000, 0x0000000086100000, 0x0000000086200000|  0%| F|  |TAMS 0x0000000086100000| PB 0x0000000086100000| Untracked 
|  58|0x0000000086200000, 0x0000000086200000, 0x0000000086300000|  0%| F|  |TAMS 0x0000000086200000| PB 0x0000000086200000| Untracked 
|  59|0x0000000086300000, 0x0000000086300000, 0x0000000086400000|  0%| F|  |TAMS 0x0000000086300000| PB 0x0000000086300000| Untracked 
|  60|0x0000000086400000, 0x0000000086400000, 0x0000000086500000|  0%| F|  |TAMS 0x0000000086400000| PB 0x0000000086400000| Untracked 
|  61|0x0000000086500000, 0x0000000086500000, 0x0000000086600000|  0%| F|  |TAMS 0x0000000086500000| PB 0x0000000086500000| Untracked 
|  62|0x0000000086600000, 0x0000000086600000, 0x0000000086700000|  0%| F|  |TAMS 0x0000000086600000| PB 0x0000000086600000| Untracked 
|  63|0x0000000086700000, 0x0000000086700000, 0x0000000086800000|  0%| F|  |TAMS 0x0000000086700000| PB 0x0000000086700000| Untracked 
|  64|0x0000000086800000, 0x0000000086800000, 0x0000000086900000|  0%| F|  |TAMS 0x0000000086800000| PB 0x0000000086800000| Untracked 
|  65|0x0000000086900000, 0x0000000086900000, 0x0000000086a00000|  0%| F|  |TAMS 0x0000000086900000| PB 0x0000000086900000| Untracked 
|  66|0x0000000086a00000, 0x0000000086a00000, 0x0000000086b00000|  0%| F|  |TAMS 0x0000000086a00000| PB 0x0000000086a00000| Untracked 
|  67|0x0000000086b00000, 0x0000000086b00000, 0x0000000086c00000|  0%| F|  |TAMS 0x0000000086b00000| PB 0x0000000086b00000| Untracked 
|  68|0x0000000086c00000, 0x0000000086c00000, 0x0000000086d00000|  0%| F|  |TAMS 0x0000000086c00000| PB 0x0000000086c00000| Untracked 
|  69|0x0000000086d00000, 0x0000000086d00000, 0x0000000086e00000|  0%| F|  |TAMS 0x0000000086d00000| PB 0x0000000086d00000| Untracked 
|  70|0x0000000086e00000, 0x0000000086e00000, 0x0000000086f00000|  0%| F|  |TAMS 0x0000000086e00000| PB 0x0000000086e00000| Untracked 
|  71|0x0000000086f00000, 0x0000000086f00000, 0x0000000087000000|  0%| F|  |TAMS 0x0000000086f00000| PB 0x0000000086f00000| Untracked 
|  72|0x0000000087000000, 0x0000000087000000, 0x0000000087100000|  0%| F|  |TAMS 0x0000000087000000| PB 0x0000000087000000| Untracked 
|  73|0x0000000087100000, 0x0000000087100000, 0x0000000087200000|  0%| F|  |TAMS 0x0000000087100000| PB 0x0000000087100000| Untracked 
|  74|0x0000000087200000, 0x0000000087200000, 0x0000000087300000|  0%| F|  |TAMS 0x0000000087200000| PB 0x0000000087200000| Untracked 
|  75|0x0000000087300000, 0x0000000087300000, 0x0000000087400000|  0%| F|  |TAMS 0x0000000087300000| PB 0x0000000087300000| Untracked 
|  76|0x0000000087400000, 0x0000000087400000, 0x0000000087500000|  0%| F|  |TAMS 0x0000000087400000| PB 0x0000000087400000| Untracked 
|  77|0x0000000087500000, 0x0000000087500000, 0x0000000087600000|  0%| F|  |TAMS 0x0000000087500000| PB 0x0000000087500000| Untracked 
|  78|0x0000000087600000, 0x0000000087600000, 0x0000000087700000|  0%| F|  |TAMS 0x0000000087600000| PB 0x0000000087600000| Untracked 
|  79|0x0000000087700000, 0x0000000087700000, 0x0000000087800000|  0%| F|  |TAMS 0x0000000087700000| PB 0x0000000087700000| Untracked 
|  80|0x0000000087800000, 0x0000000087800000, 0x0000000087900000|  0%| F|  |TAMS 0x0000000087800000| PB 0x0000000087800000| Untracked 
|  81|0x0000000087900000, 0x0000000087900000, 0x0000000087a00000|  0%| F|  |TAMS 0x0000000087900000| PB 0x0000000087900000| Untracked 
|  82|0x0000000087a00000, 0x0000000087a00000, 0x0000000087b00000|  0%| F|  |TAMS 0x0000000087a00000| PB 0x0000000087a00000| Untracked 
|  83|0x0000000087b00000, 0x0000000087b00000, 0x0000000087c00000|  0%| F|  |TAMS 0x0000000087b00000| PB 0x0000000087b00000| Untracked 
|  84|0x0000000087c00000, 0x0000000087c00000, 0x0000000087d00000|  0%| F|  |TAMS 0x0000000087c00000| PB 0x0000000087c00000| Untracked 
|  85|0x0000000087d00000, 0x0000000087d00000, 0x0000000087e00000|  0%| F|  |TAMS 0x0000000087d00000| PB 0x0000000087d00000| Untracked 
|  86|0x0000000087e00000, 0x0000000087e00000, 0x0000000087f00000|  0%| F|  |TAMS 0x0000000087e00000| PB 0x0000000087e00000| Untracked 
|  87|0x0000000087f00000, 0x0000000087f00000, 0x0000000088000000|  0%| F|  |TAMS 0x0000000087f00000| PB 0x0000000087f00000| Untracked 
|  88|0x0000000088000000, 0x0000000088000000, 0x0000000088100000|  0%| F|  |TAMS 0x0000000088000000| PB 0x0000000088000000| Untracked 
|  89|0x0000000088100000, 0x0000000088100000, 0x0000000088200000|  0%| F|  |TAMS 0x0000000088100000| PB 0x0000000088100000| Untracked 
|  90|0x0000000088200000, 0x0000000088200000, 0x0000000088300000|  0%| F|  |TAMS 0x0000000088200000| PB 0x0000000088200000| Untracked 
|  91|0x0000000088300000, 0x0000000088300000, 0x0000000088400000|  0%| F|  |TAMS 0x0000000088300000| PB 0x0000000088300000| Untracked 
|  92|0x0000000088400000, 0x0000000088400000, 0x0000000088500000|  0%| F|  |TAMS 0x0000000088400000| PB 0x0000000088400000| Untracked 
|  93|0x0000000088500000, 0x0000000088500000, 0x0000000088600000|  0%| F|  |TAMS 0x0000000088500000| PB 0x0000000088500000| Untracked 
|  94|0x0000000088600000, 0x0000000088600000, 0x0000000088700000|  0%| F|  |TAMS 0x0000000088600000| PB 0x0000000088600000| Untracked 
|  95|0x0000000088700000, 0x0000000088700000, 0x0000000088800000|  0%| F|  |TAMS 0x0000000088700000| PB 0x0000000088700000| Untracked 
|  96|0x0000000088800000, 0x0000000088800000, 0x0000000088900000|  0%| F|  |TAMS 0x0000000088800000| PB 0x0000000088800000| Untracked 
|  97|0x0000000088900000, 0x0000000088900000, 0x0000000088a00000|  0%| F|  |TAMS 0x0000000088900000| PB 0x0000000088900000| Untracked 
|  98|0x0000000088a00000, 0x0000000088a00000, 0x0000000088b00000|  0%| F|  |TAMS 0x0000000088a00000| PB 0x0000000088a00000| Untracked 
|  99|0x0000000088b00000, 0x0000000088b00000, 0x0000000088c00000|  0%| F|  |TAMS 0x0000000088b00000| PB 0x0000000088b00000| Untracked 
| 100|0x0000000088c00000, 0x0000000088c00000, 0x0000000088d00000|  0%| F|  |TAMS 0x0000000088c00000| PB 0x0000000088c00000| Untracked 
| 101|0x0000000088d00000, 0x0000000088d00000, 0x0000000088e00000|  0%| F|  |TAMS 0x0000000088d00000| PB 0x0000000088d00000| Untracked 
| 102|0x0000000088e00000, 0x0000000088e00000, 0x0000000088f00000|  0%| F|  |TAMS 0x0000000088e00000| PB 0x0000000088e00000| Untracked 
| 103|0x0000000088f00000, 0x0000000088f00000, 0x0000000089000000|  0%| F|  |TAMS 0x0000000088f00000| PB 0x0000000088f00000| Untracked 
| 104|0x0000000089000000, 0x0000000089000000, 0x0000000089100000|  0%| F|  |TAMS 0x0000000089000000| PB 0x0000000089000000| Untracked 
| 105|0x0000000089100000, 0x0000000089100000, 0x0000000089200000|  0%| F|  |TAMS 0x0000000089100000| PB 0x0000000089100000| Untracked 
| 106|0x0000000089200000, 0x0000000089200000, 0x0000000089300000|  0%| F|  |TAMS 0x0000000089200000| PB 0x0000000089200000| Untracked 
| 107|0x0000000089300000, 0x0000000089300000, 0x0000000089400000|  0%| F|  |TAMS 0x0000000089300000| PB 0x0000000089300000| Untracked 
| 108|0x0000000089400000, 0x0000000089400000, 0x0000000089500000|  0%| F|  |TAMS 0x0000000089400000| PB 0x0000000089400000| Untracked 
| 109|0x0000000089500000, 0x0000000089500000, 0x0000000089600000|  0%| F|  |TAMS 0x0000000089500000| PB 0x0000000089500000| Untracked 
| 110|0x0000000089600000, 0x0000000089600000, 0x0000000089700000|  0%| F|  |TAMS 0x0000000089600000| PB 0x0000000089600000| Untracked 
| 111|0x0000000089700000, 0x0000000089700000, 0x0000000089800000|  0%| F|  |TAMS 0x0000000089700000| PB 0x0000000089700000| Untracked 
| 112|0x0000000089800000, 0x0000000089800000, 0x0000000089900000|  0%| F|  |TAMS 0x0000000089800000| PB 0x0000000089800000| Untracked 
| 113|0x0000000089900000, 0x0000000089900000, 0x0000000089a00000|  0%| F|  |TAMS 0x0000000089900000| PB 0x0000000089900000| Untracked 
| 114|0x0000000089a00000, 0x0000000089a00000, 0x0000000089b00000|  0%| F|  |TAMS 0x0000000089a00000| PB 0x0000000089a00000| Untracked 
| 115|0x0000000089b00000, 0x0000000089b00000, 0x0000000089c00000|  0%| F|  |TAMS 0x0000000089b00000| PB 0x0000000089b00000| Untracked 
| 116|0x0000000089c00000, 0x0000000089c00000, 0x0000000089d00000|  0%| F|  |TAMS 0x0000000089c00000| PB 0x0000000089c00000| Untracked 
| 117|0x0000000089d00000, 0x0000000089d00000, 0x0000000089e00000|  0%| F|  |TAMS 0x0000000089d00000| PB 0x0000000089d00000| Untracked 
| 118|0x0000000089e00000, 0x0000000089e00000, 0x0000000089f00000|  0%| F|  |TAMS 0x0000000089e00000| PB 0x0000000089e00000| Untracked 
| 119|0x0000000089f00000, 0x0000000089f00000, 0x000000008a000000|  0%| F|  |TAMS 0x0000000089f00000| PB 0x0000000089f00000| Untracked 
| 120|0x000000008a000000, 0x000000008a000000, 0x000000008a100000|  0%| F|  |TAMS 0x000000008a000000| PB 0x000000008a000000| Untracked 
| 121|0x000000008a100000, 0x000000008a100000, 0x000000008a200000|  0%| F|  |TAMS 0x000000008a100000| PB 0x000000008a100000| Untracked 
| 122|0x000000008a200000, 0x000000008a2ec118, 0x000000008a300000| 92%| E|  |TAMS 0x000000008a200000| PB 0x000000008a200000| Complete 
| 123|0x000000008a300000, 0x000000008a400000, 0x000000008a400000|100%| E|CS|TAMS 0x000000008a300000| PB 0x000000008a300000| Complete 
| 124|0x000000008a400000, 0x000000008a500000, 0x000000008a500000|100%| E|CS|TAMS 0x000000008a400000| PB 0x000000008a400000| Complete 
| 125|0x000000008a500000, 0x000000008a600000, 0x000000008a600000|100%| E|CS|TAMS 0x000000008a500000| PB 0x000000008a500000| Complete 

Card table byte_map: [0x00000217de570000,0x00000217de960000] _byte_map_base: 0x00000217de15c000

Marking Bits: (CMBitMap*) 0x00000217c6a5ee30
 Bits: [0x00000217de960000, 0x00000217e08c0000)

Polling page: 0x00000217c4990000

Metaspace:

Usage:
  Non-class:    819.57 KB used.
      Class:     81.08 KB used.
       Both:    900.65 KB used.

Virtual space:
  Non-class space:       64.00 MB reserved,     896.00 KB (  1%) committed,  1 nodes.
      Class space:        1.00 GB reserved,     128.00 KB ( <1%) committed,  1 nodes.
             Both:        1.06 GB reserved,       1.00 MB ( <1%) committed. 

Chunk freelists:
   Non-Class:  11.89 MB
       Class:  15.70 MB
        Both:  27.58 MB

MaxMetaspaceSize: unlimited
CompressedClassSpaceSize: 1.00 GB
Initial GC threshold: 21.00 MB
Current GC threshold: 21.00 MB
CDS: on
 - commit_granule_bytes: 65536.
 - commit_granule_words: 8192.
 - virtual_space_node_default_size: 8388608.
 - enlarge_chunks_in_place: 1.
 - use_allocation_guard: 0.


Internal statistics:

num_allocs_failed_limit: 0.
num_arena_births: 86.
num_arena_deaths: 0.
num_vsnodes_births: 2.
num_vsnodes_deaths: 0.
num_space_committed: 16.
num_space_uncommitted: 0.
num_chunks_returned_to_freelist: 0.
num_chunks_taken_from_freelist: 121.
num_chunk_merges: 0.
num_chunk_splits: 65.
num_chunks_enlarged: 12.
num_inconsistent_stats: 0.

CodeHeap 'non-profiled nmethods': size=120000Kb used=109Kb max_used=109Kb free=119890Kb
 bounds [0x00000217d6920000, 0x00000217d6b90000, 0x00000217dde50000]
CodeHeap 'profiled nmethods': size=120000Kb used=278Kb max_used=278Kb free=119721Kb
 bounds [0x00000217cee50000, 0x00000217cf0c0000, 0x00000217d6380000]
CodeHeap 'non-nmethods': size=5760Kb used=1302Kb max_used=1316Kb free=4457Kb
 bounds [0x00000217d6380000, 0x00000217d65f0000, 0x00000217d6920000]
 total_blobs=702 nmethods=285 adapters=322
 compilation: enabled
              stopped_count=0, restarted_count=0
 full_count=0

Compilation events (20 events):
Event: 0.106 Thread 0x00000217e32e9790 nmethod 252 0x00000217cee93510 code [0x00000217cee936c0, 0x00000217cee93898]
Event: 0.106 Thread 0x00000217e32e9790  254       3       jdk.internal.org.objectweb.asm.Frame::push (109 bytes)
Event: 0.106 Thread 0x00000217e32e9790 nmethod 254 0x00000217cee93990 code [0x00000217cee93b60, 0x00000217cee940e0]
Event: 0.106 Thread 0x00000217e32e9790  253       3       jdk.internal.org.objectweb.asm.ByteVector::put12 (64 bytes)
Event: 0.106 Thread 0x00000217e32e9790 nmethod 253 0x00000217cee94290 code [0x00000217cee94440, 0x00000217cee94678]
Event: 0.106 Thread 0x00000217e32e9790  255       3       java.lang.invoke.LambdaForm::parameter (38 bytes)
Event: 0.106 Thread 0x00000217e32e9790 nmethod 255 0x00000217cee94810 code [0x00000217cee949c0, 0x00000217cee94b08]
Event: 0.106 Thread 0x00000217e32e9790  259       3       java.lang.invoke.MethodType::equals (31 bytes)
Event: 0.106 Thread 0x00000217e32e7f90  261       4       jdk.internal.org.objectweb.asm.SymbolTable::get (13 bytes)
Event: 0.107 Thread 0x00000217e32e9790 nmethod 259 0x00000217cee94c10 code [0x00000217cee94dc0, 0x00000217cee94fa0]
Event: 0.107 Thread 0x00000217e32e9790  258       1       java.lang.invoke.LambdaForm$Name::type (5 bytes)
Event: 0.107 Thread 0x00000217e32e9790 nmethod 258 0x00000217d6936110 code [0x00000217d69362a0, 0x00000217d6936368]
Event: 0.107 Thread 0x00000217e32e9790  260       1       java.lang.invoke.LambdaForm$BasicType::basicTypeClass (5 bytes)
Event: 0.107 Thread 0x00000217e32e9790 nmethod 260 0x00000217d6936410 code [0x00000217d69365a0, 0x00000217d6936668]
Event: 0.107 Thread 0x00000217e32e9790  262       3       java.util.Arrays::copyOf (40 bytes)
Event: 0.107 Thread 0x00000217e32e9790 nmethod 262 0x00000217cee95090 code [0x00000217cee952a0, 0x00000217cee95980]
Event: 0.107 Thread 0x00000217e32e9790  263       3       jdk.internal.org.objectweb.asm.Frame::execute (2305 bytes)
Event: 0.107 Thread 0x00000217e32e7f90 nmethod 261 0x00000217d6936d10 code [0x00000217d6936ea0, 0x00000217d6936fa0]
Event: 0.109 Thread 0x00000217e32e7f90  272       4       java.lang.String::charAt (25 bytes)
Event: 0.109 Thread 0x00000217e32e7f90 nmethod 272 0x00000217d6937d90 code [0x00000217d6937f20, 0x00000217d6938048]

GC Heap History (0 events):
No events

Dll operation events (9 events):
Event: 0.007 Loaded shared library C:\Users\jaoue\.jdks\openjdk-21\bin\java.dll
Event: 0.034 Loaded shared library C:\Users\jaoue\.jdks\openjdk-21\bin\jsvml.dll
Event: 0.071 Loaded shared library C:\Users\jaoue\.jdks\openjdk-21\bin\zip.dll
Event: 0.073 Loaded shared library C:\Users\jaoue\.jdks\openjdk-21\bin\instrument.dll
Event: 0.077 Loaded shared library C:\Users\jaoue\.jdks\openjdk-21\bin\net.dll
Event: 0.079 Loaded shared library C:\Users\jaoue\.jdks\openjdk-21\bin\nio.dll
Event: 0.082 Loaded shared library C:\Users\jaoue\.jdks\openjdk-21\bin\zip.dll
Event: 0.089 Loaded shared library C:\Program Files\JetBrains\IntelliJ IDEA Community Edition 2022.3\bin\breakgen64.dll
Event: 0.096 Loaded shared library C:\Users\jaoue\.jdks\openjdk-21\bin\extnet.dll

Deoptimization events (4 events):
Event: 0.090 Thread 0x00000217c6a074e0 Uncommon trap: trap_request=0xffffff45 fr.pc=0x00000217d6930ae4 relative=0x00000000000000c4
Event: 0.090 Thread 0x00000217c6a074e0 Uncommon trap: reason=unstable_if action=reinterpret pc=0x00000217d6930ae4 method=java.lang.String.isLatin1()Z @ 10 c2
Event: 0.090 Thread 0x00000217c6a074e0 DEOPT PACKING pc=0x00000217d6930ae4 sp=0x0000008c98dfef80
Event: 0.090 Thread 0x00000217c6a074e0 DEOPT UNPACKING pc=0x00000217d63d46a2 sp=0x0000008c98dfeec0 mode 2

Classes loaded (20 events):
Event: 0.100 Loading class sun/nio/ch/NativeThread
Event: 0.100 Loading class sun/nio/ch/NativeThread done
Event: 0.101 Loading class java/io/BufferedReader
Event: 0.101 Loading class java/io/BufferedReader done
Event: 0.101 Loading class java/net/Socket$SocketInputStream
Event: 0.101 Loading class java/net/Socket$SocketInputStream done
Event: 0.101 Loading class sun/nio/ch/NioSocketImpl$1
Event: 0.101 Loading class sun/nio/ch/NioSocketImpl$1 done
Event: 0.101 Loading class sun/nio/cs/StreamDecoder
Event: 0.101 Loading class sun/nio/cs/StreamDecoder done
Event: 0.101 Loading class sun/nio/cs/US_ASCII$Decoder
Event: 0.101 Loading class sun/nio/cs/US_ASCII$Decoder done
Event: 0.101 Loading class sun/nio/ch/Util
Event: 0.102 Loading class sun/nio/ch/Util done
Event: 0.102 Loading class sun/nio/ch/Util$1
Event: 0.102 Loading class sun/nio/ch/Util$1 done
Event: 0.102 Loading class sun/nio/ch/Util$BufferCache
Event: 0.102 Loading class sun/nio/ch/Util$BufferCache done
Event: 0.102 Loading class java/nio/DirectByteBuffer$Deallocator
Event: 0.102 Loading class java/nio/DirectByteBuffer$Deallocator done

Classes unloaded (0 events):
No events

Classes redefined (0 events):
No events

Internal exceptions (3 events):
Event: 0.083 Thread 0x00000217c6a074e0 Exception <a 'java/lang/NoSuchMethodError'{0x000000008a337fe0}: 'void java.lang.invoke.DirectMethodHandle$Holder.invokeStatic(java.lang.Object, java.lang.Object, java.lang.Object)'> (0x000000008a337fe0) 
thrown [s\open\src\hotspot\share\interpreter\linkResolver.cpp, line 773]
Event: 0.087 Thread 0x00000217c6a074e0 Exception <a 'java/lang/NoSuchMethodError'{0x000000008a34f4e8}: 'java.lang.Object java.lang.invoke.Invokers$Holder.invokeExact_MT(java.lang.Object, java.lang.Object, java.lang.Object, java.lang.Object, java.lang.Object)'> (0x000000008a34f4e8) 
thrown [s\open\src\hotspot\share\interpreter\linkResolver.cpp, line 773]
Event: 0.097 Thread 0x00000217e32e6ca0 Exception <a 'java/lang/NoSuchMethodError'{0x000000008a37e960}: 'void java.lang.invoke.DirectMethodHandle$Holder.invokeStatic(java.lang.Object, java.lang.Object)'> (0x000000008a37e960) 
thrown [s\open\src\hotspot\share\interpreter\linkResolver.cpp, line 773]

ZGC Phase Switch (0 events):
No events

VM Operations (2 events):
Event: 0.058 Executing VM operation: HandshakeAllThreads (Deoptimize)
Event: 0.058 Executing VM operation: HandshakeAllThreads (Deoptimize) done

Events (12 events):
Event: 0.022 Thread 0x00000217c6a074e0 Thread added: 0x00000217c6a074e0
Event: 0.032 Thread 0x00000217e32da610 Thread added: 0x00000217e32da610
Event: 0.033 Thread 0x00000217e32dc000 Thread added: 0x00000217e32dc000
Event: 0.033 Thread 0x00000217e32dfae0 Thread added: 0x00000217e32dfae0
Event: 0.033 Thread 0x00000217e32e2d70 Thread added: 0x00000217e32e2d70
Event: 0.033 Thread 0x00000217e32e6610 Thread added: 0x00000217e32e6610
Event: 0.033 Thread 0x00000217e32e4bd0 Thread added: 0x00000217e32e4bd0
Event: 0.033 Thread 0x00000217e32e7f90 Thread added: 0x00000217e32e7f90
Event: 0.033 Thread 0x00000217e32e9790 Thread added: 0x00000217e32e9790
Event: 0.051 Thread 0x00000217e32e3eb0 Thread added: 0x00000217e32e3eb0
Event: 0.090 Thread 0x00000217e32e6ca0 Thread added: 0x00000217e32e6ca0
Event: 0.090 Thread 0x00000217e32e58f0 Thread added: 0x00000217e32e58f0


Dynamic libraries:
0x00007ff76db30000 - 0x00007ff76db3e000 	C:\Users\jaoue\.jdks\openjdk-21\bin\java.exe
0x00007ffe0f810000 - 0x00007ffe0fa27000 	C:\WINDOWS\SYSTEM32\ntdll.dll
0x00007ffe0d730000 - 0x00007ffe0d7f4000 	C:\WINDOWS\System32\KERNEL32.DLL
0x00007ffe0cfd0000 - 0x00007ffe0d375000 	C:\WINDOWS\System32\KERNELBASE.dll
0x00007ffe0d380000 - 0x00007ffe0d491000 	C:\WINDOWS\System32\ucrtbase.dll
0x00007ffde4c20000 - 0x00007ffde4c3b000 	C:\Users\jaoue\.jdks\openjdk-21\bin\VCRUNTIME140.dll
0x00007ffde41a0000 - 0x00007ffde41b8000 	C:\Users\jaoue\.jdks\openjdk-21\bin\jli.dll
0x00007ffe0eb30000 - 0x00007ffe0ecde000 	C:\WINDOWS\System32\USER32.dll
0x00007ffdeeae0000 - 0x00007ffdeed73000 	C:\WINDOWS\WinSxS\amd64_microsoft.windows.common-controls_6595b64144ccf1df_6.0.22621.2506_none_270c5ae97388e100\COMCTL32.dll
0x00007ffe0cd20000 - 0x00007ffe0cd46000 	C:\WINDOWS\System32\win32u.dll
0x00007ffe0eb00000 - 0x00007ffe0eb29000 	C:\WINDOWS\System32\GDI32.dll
0x00007ffe0f720000 - 0x00007ffe0f7c7000 	C:\WINDOWS\System32\msvcrt.dll
0x00007ffe0cb80000 - 0x00007ffe0cc99000 	C:\WINDOWS\System32\gdi32full.dll
0x00007ffe0cec0000 - 0x00007ffe0cf5a000 	C:\WINDOWS\System32\msvcp_win.dll
0x00007ffe0d6e0000 - 0x00007ffe0d711000 	C:\WINDOWS\System32\IMM32.DLL
0x00007ffde9840000 - 0x00007ffde984c000 	C:\Users\jaoue\.jdks\openjdk-21\bin\vcruntime140_1.dll
0x00007ffdde3a0000 - 0x00007ffdde42e000 	C:\Users\jaoue\.jdks\openjdk-21\bin\msvcp140.dll
0x00007ffd27810000 - 0x00007ffd28523000 	C:\Users\jaoue\.jdks\openjdk-21\bin\server\jvm.dll
0x00007ffe0f480000 - 0x00007ffe0f531000 	C:\WINDOWS\System32\ADVAPI32.dll
0x00007ffe0d9a0000 - 0x00007ffe0da46000 	C:\WINDOWS\System32\sechost.dll
0x00007ffe0edc0000 - 0x00007ffe0eed7000 	C:\WINDOWS\System32\RPCRT4.dll
0x00007ffe0d820000 - 0x00007ffe0d891000 	C:\WINDOWS\System32\WS2_32.dll
0x00007ffe0b9a0000 - 0x00007ffe0b9ed000 	C:\WINDOWS\SYSTEM32\POWRPROF.dll
0x00007ffe08080000 - 0x00007ffe080b4000 	C:\WINDOWS\SYSTEM32\WINMM.dll
0x00007ffdfad90000 - 0x00007ffdfad9a000 	C:\WINDOWS\SYSTEM32\VERSION.dll
0x00007ffe0b980000 - 0x00007ffe0b993000 	C:\WINDOWS\SYSTEM32\UMPDC.dll
0x00007ffe0bc50000 - 0x00007ffe0bc68000 	C:\WINDOWS\SYSTEM32\kernel.appcore.dll
0x00007ffde4190000 - 0x00007ffde419a000 	C:\Users\jaoue\.jdks\openjdk-21\bin\jimage.dll
0x00007ffe07e30000 - 0x00007ffe08063000 	C:\WINDOWS\SYSTEM32\DBGHELP.DLL
0x00007ffe0e770000 - 0x00007ffe0eaf9000 	C:\WINDOWS\System32\combase.dll
0x00007ffe0dba0000 - 0x00007ffe0dc77000 	C:\WINDOWS\System32\OLEAUT32.dll
0x00007ffdfb9e0000 - 0x00007ffdfba12000 	C:\WINDOWS\SYSTEM32\dbgcore.DLL
0x00007ffe0cca0000 - 0x00007ffe0cd1a000 	C:\WINDOWS\System32\bcryptPrimitives.dll
0x00007ffde40a0000 - 0x00007ffde40af000 	C:\Users\jaoue\.jdks\openjdk-21\bin\instrument.dll
0x00007ffde3890000 - 0x00007ffde38af000 	C:\Users\jaoue\.jdks\openjdk-21\bin\java.dll
0x00007ffe0dc80000 - 0x00007ffe0e4d9000 	C:\WINDOWS\System32\SHELL32.dll
0x00007ffe0ab60000 - 0x00007ffe0b454000 	C:\WINDOWS\SYSTEM32\windows.storage.dll
0x00007ffe0aa20000 - 0x00007ffe0ab5e000 	C:\WINDOWS\SYSTEM32\wintypes.dll
0x00007ffe0d5e0000 - 0x00007ffe0d6d3000 	C:\WINDOWS\System32\SHCORE.dll
0x00007ffe0eef0000 - 0x00007ffe0ef4e000 	C:\WINDOWS\System32\shlwapi.dll
0x00007ffe0cab0000 - 0x00007ffe0cad6000 	C:\WINDOWS\SYSTEM32\profapi.dll
0x00007ffddcfa0000 - 0x00007ffddd077000 	C:\Users\jaoue\.jdks\openjdk-21\bin\jsvml.dll
0x00007ffde27d0000 - 0x00007ffde27e8000 	C:\Users\jaoue\.jdks\openjdk-21\bin\zip.dll
0x00007ffde3880000 - 0x00007ffde3890000 	C:\Users\jaoue\.jdks\openjdk-21\bin\net.dll
0x00007ffe03eb0000 - 0x00007ffe03fe7000 	C:\WINDOWS\SYSTEM32\WINHTTP.dll
0x00007ffe0c0f0000 - 0x00007ffe0c159000 	C:\WINDOWS\system32\mswsock.dll
0x00007ffde02a0000 - 0x00007ffde02b6000 	C:\Users\jaoue\.jdks\openjdk-21\bin\nio.dll
0x00007ffde0280000 - 0x00007ffde029a000 	C:\Program Files\JetBrains\IntelliJ IDEA Community Edition 2022.3\bin\breakgen64.dll
0x00007ffde2780000 - 0x00007ffde2787000 	C:\Users\jaoue\.jdks\openjdk-21\bin\extnet.dll

dbghelp: loaded successfully - version: 4.0.5 - missing functions: none
symbol engine: initialized successfully - sym options: 0x614 - pdb path: .;C:\Users\jaoue\.jdks\openjdk-21\bin;C:\WINDOWS\SYSTEM32;C:\WINDOWS\WinSxS\amd64_microsoft.windows.common-controls_6595b64144ccf1df_6.0.22621.2506_none_270c5ae97388e100;C:\Users\jaoue\.jdks\openjdk-21\bin\server;C:\Program Files\JetBrains\IntelliJ IDEA Community Edition 2022.3\bin

VM Arguments:
jvm_args: -javaagent:C:\Program Files\JetBrains\IntelliJ IDEA Community Edition 2022.3\lib\idea_rt.jar=63864:C:\Program Files\JetBrains\IntelliJ IDEA Community Edition 2022.3\bin -Dfile.encoding=UTF-8 -Dsun.stdout.encoding=UTF-8 -Dsun.stderr.encoding=UTF-8 
java_command: GarageVeloTest
java_class_path (initial): C:\Users\jaoue\Desktop\S7\IL\ArchitectureLogicielle\Garage2\GarageVelosElec\src\out\production\GarageVelosElec
Launcher Type: SUN_STANDARD

[Global flags]
     intx CICompilerCount                          = 4                                         {product} {ergonomic}
     uint ConcGCThreads                            = 2                                         {product} {ergonomic}
     uint G1ConcRefinementThreads                  = 8                                         {product} {ergonomic}
   size_t G1HeapRegionSize                         = 1048576                                   {product} {ergonomic}
    uintx GCDrainStackTargetSize                   = 64                                        {product} {ergonomic}
   size_t InitialHeapSize                          = 132120576                                 {product} {ergonomic}
   size_t MarkStackSize                            = 4194304                                   {product} {ergonomic}
   size_t MaxHeapSize                              = 2105540608                                {product} {ergonomic}
   size_t MaxNewSize                               = 1262485504                                {product} {ergonomic}
   size_t MinHeapDeltaBytes                        = 1048576                                   {product} {ergonomic}
   size_t MinHeapSize                              = 8388608                                   {product} {ergonomic}
    uintx NonNMethodCodeHeapSize                   = 5839372                                {pd product} {ergonomic}
    uintx NonProfiledCodeHeapSize                  = 122909434                              {pd product} {ergonomic}
    uintx ProfiledCodeHeapSize                     = 122909434                              {pd product} {ergonomic}
    uintx ReservedCodeCacheSize                    = 251658240                              {pd product} {ergonomic}
     bool SegmentedCodeCache                       = true                                      {product} {ergonomic}
   size_t SoftMaxHeapSize                          = 2105540608                             {manageable} {ergonomic}
     bool UseCompressedOops                        = true                           {product lp64_product} {ergonomic}
     bool UseG1GC                                  = true                                      {product} {ergonomic}
     bool UseLargePagesIndividualAllocation        = false                                  {pd product} {ergonomic}

Logging:
Log output configuration:
 #0: stdout all=warning uptime,level,tags foldmultilines=false
 #1: stderr all=off uptime,level,tags foldmultilines=false

Environment Variables:
PATH=C:\Program Files\IBM\ILOG\CPLEX_Studio_Community2211\opl\bin\x64_win64;C:\Program Files\IBM\ILOG\CPLEX_Studio_Community2211\opl\oplide\;C:\Program Files\IBM\ILOG\CPLEX_Studio_Community2211\cplex\bin\x64_win64;C:\Program Files\IBM\ILOG\CPLEX_Studio_Community2211\cpoptimizer\bin\x64_win64;C:\Program Files\Common Files\Oracle\Java\javapath;C:\Program Files (x86)\Common Files\Oracle\Java\javapath;C:\Windows\system32;C:\Windows;C:\Windows\System32\Wbem;C:\Windows\System32\WindowsPowerShell\v1.0\;C:\Windows\System32\OpenSSH\;C:\Program Files (x86)\NVIDIA Corporation\PhysX\Common;C:\Program Files\NVIDIA Corporation\NVIDIA NvDLISR;C:\Program Files\dotnet\;C:\WINDOWS\system32;C:\WINDOWS;C:\WINDOWS\System32\Wbem;C:\WINDOWS\System32\WindowsPowerShell\v1.0\;C:\WINDOWS\System32\OpenSSH\;C:\Program Files\Java\jdk-17.0.2\bin;C:\Program Files\PuTTY\;C:\Program Files\Git\cmd;C:\Users\jaoue\Documents\IBM\ILOG\CPLEX_Studio_Community2211;C:\xampp\php;C:\ProgramData\ComposerSetup\bin;C:\Program Files\Docker\Docker\resources\bin;C:\Users\jaoue\AppData\Local\Programs\Python\Python39\Scripts\;C:\Users\jaoue\AppData\Local\Programs\Python\Python39\;C:\Users\jaoue\AppData\Local\Microsoft\WindowsApps;C:\Users\jaoue\.dotnet\tools;C:\Users\jaoue\AppData\Local\Programs\Microsoft VS Code\bin;C:\MinGW\bin;C:\Program Files\JetBrains\CLion 2022.2.4\bin;;C:\Users\jaoue\Documents\IBM\ILOG\CPLEX_Studio_Community2211;C:\Users\jaoue\AppData\Roaming\Composer\vendor\bin;
USERNAME=jaoue
OS=Windows_NT
PROCESSOR_IDENTIFIER=Intel64 Family 6 Model 142 Stepping 12, GenuineIntel
TMP=C:\Users\jaoue\AppData\Local\Temp
TEMP=C:\Users\jaoue\AppData\Local\Temp




---------------  S Y S T E M  ---------------

OS:
 Windows 11 , 64 bit Build 22621 (10.0.22621.2506)
OS uptime: 1 days 23:54 hours
Hyper-V role detected

CPU: total 8 (initial active 8) (4 cores per cpu, 2 threads per core) family 6 model 142 stepping 12 microcode 0xde, cx8, cmov, fxsr, ht, mmx, 3dnowpref, sse, sse2, sse3, ssse3, sse4.1, sse4.2, popcnt, lzcnt, tsc, tscinvbit, avx, avx2, aes, erms, clmul, bmi1, bmi2, adx, fma, vzeroupper, clflush, clflushopt, hv, rdtscp, f16c
Processor Information for all 8 processors :
  Max Mhz: 2112, Current Mhz: 2112, Mhz Limit: 1605

Memory: 4k page, system-wide physical 8025M (1109M free)
TotalPageFile size 17241M (AvailPageFile size 3824M)
current process WorkingSet (physical memory assigned to process): 40M, peak: 40M
current process commit charge ("private bytes"): 209M, peak: 209M

vm_info: OpenJDK 64-Bit Server VM (21+35-2513) for windows-amd64 JRE (21+35-2513), built on 2023-08-09T20:25:10Z by "mach5one" with MS VC++ 17.1 (VS2022)

END.
